<?xml version="1.0" encoding="UTF-8"?>
<!-- Generated by org.testng.reporters.JUnitReportReporter -->
<testsuite hostname="DESKTOP-1E9O627" name="SausceDemoScripts.Sauce_Demo_Data_Driven_Code" tests="1" failures="0" timestamp="21 Apr 2021 04:48:59 GMT" time="0.000" errors="1">
  <testcase name="ValidateLogin" time="0.000" classname="SausceDemoScripts.Sauce_Demo_Data_Driven_Code">
    <error type="org.testng.TestNGException" message="
Parameter &#039;standard_user&#039; is required by @Test on method ValidateLogin but has not been marked @Optional or defined
in C:\Users\Owner\OneDrive\Desktop\New Work Speace\Sauce_Demo_Test_ng\src\Sauce_Demo_Regrassion.xml">
      <![CDATA[org.testng.TestNGException: 
Parameter 'standard_user' is required by @Test on method ValidateLogin but has not been marked @Optional or defined
in C:\Users\Owner\OneDrive\Desktop\New Work Speace\Sauce_Demo_Test_ng\src\Sauce_Demo_Regrassion.xml
	at org.testng.internal.Parameters.createParameters(Parameters.java:154)
	at org.testng.internal.Parameters.createParameters(Parameters.java:361)
	at org.testng.internal.Parameters.handleParameters(Parameters.java:451)
	at org.testng.internal.Invoker.handleParameters(Invoker.java:1270)
	at org.testng.internal.Invoker.createParameters(Invoker.java:985)
	at org.testng.internal.Invoker.invokeTestMethods(Invoker.java:1075)
	at org.testng.internal.TestMethodWorker.invokeTestMethods(TestMethodWorker.java:125)
	at org.testng.internal.TestMethodWorker.run(TestMethodWorker.java:108)
	at org.testng.TestRunner.privateRun(TestRunner.java:774)
	at org.testng.TestRunner.run(TestRunner.java:624)
	at org.testng.SuiteRunner.runTest(SuiteRunner.java:359)
	at org.testng.SuiteRunner.runSequentially(SuiteRunner.java:354)
	at org.testng.SuiteRunner.privateRun(SuiteRunner.java:312)
	at org.testng.SuiteRunner.run(SuiteRunner.java:261)
	at org.testng.SuiteRunnerWorker.runSuite(SuiteRunnerWorker.java:52)
	at org.testng.SuiteRunnerWorker.run(SuiteRunnerWorker.java:86)
	at org.testng.TestNG.runSuitesSequentially(TestNG.java:1215)
	at org.testng.TestNG.runSuitesLocally(TestNG.java:1140)
	at org.testng.TestNG.run(TestNG.java:1048)
	at org.testng.remote.AbstractRemoteTestNG.run(AbstractRemoteTestNG.java:115)
	at org.testng.remote.RemoteTestNG.initAndRun(RemoteTestNG.java:251)
	at org.testng.remote.RemoteTestNG.main(RemoteTestNG.java:77)
]]>
    </error>
  </testcase> <!-- ValidateLogin -->
</testsuite> <!-- SausceDemoScripts.Sauce_Demo_Data_Driven_Code -->
